[0.052s] DEBUG:colcon:Command line arguments: ['/usr/bin/colcon', 'build', '--packages-select', 'simple_robot_operator']
[0.052s] DEBUG:colcon:Parsed command line arguments: Namespace(log_base=None, log_level=None, verb_name='build', build_base='build', install_base='install', merge_install=False, symlink_install=False, test_result_base=None, continue_on_error=False, executor='parallel', parallel_workers=24, event_handlers=None, ignore_user_meta=False, metas=['./colcon.meta'], base_paths=['.'], packages_ignore=None, packages_ignore_regex=None, paths=None, packages_up_to=None, packages_up_to_regex=None, packages_above=None, packages_above_and_dependencies=None, packages_above_depth=None, packages_select_by_dep=None, packages_skip_by_dep=None, packages_skip_up_to=None, packages_select_build_failed=False, packages_skip_build_finished=False, packages_select_test_failures=False, packages_skip_test_passed=False, packages_select=['simple_robot_operator'], packages_skip=None, packages_select_regex=None, packages_skip_regex=None, packages_start=None, packages_end=None, cmake_args=None, cmake_target=None, cmake_target_skip_unavailable=False, cmake_clean_cache=False, cmake_clean_first=False, cmake_force_configure=False, ament_cmake_args=None, catkin_cmake_args=None, catkin_skip_building_tests=False, mixin_files=None, mixin=None, verb_parser=<colcon_mixin.mixin.mixin_argument.MixinArgumentDecorator object at 0x7a05aba7e800>, verb_extension=<colcon_core.verb.build.BuildVerb object at 0x7a05aba7e260>, main=<bound method BuildVerb.main of <colcon_core.verb.build.BuildVerb object at 0x7a05aba7e260>>, mixin_verb=('build',))
[0.098s] Level 1:colcon.colcon_core.package_discovery:discover_packages(colcon_meta) check parameters
[0.098s] INFO:colcon.colcon_metadata.package_discovery.colcon_meta:Using configuration from '/root/.colcon/metadata/default/Gazebo.meta'
[0.099s] INFO:colcon.colcon_metadata.package_discovery.colcon_meta:Using configuration from '/root/.colcon/metadata/default/fastrtps.meta'
[0.099s] Level 1:colcon.colcon_core.package_discovery:discover_packages(recursive) check parameters
[0.099s] Level 1:colcon.colcon_core.package_discovery:discover_packages(ignore) check parameters
[0.099s] Level 1:colcon.colcon_core.package_discovery:discover_packages(path) check parameters
[0.099s] Level 1:colcon.colcon_core.package_discovery:discover_packages(colcon_meta) discover
[0.099s] Level 1:colcon.colcon_core.package_discovery:discover_packages(recursive) discover
[0.099s] INFO:colcon.colcon_core.package_discovery:Crawling recursively for packages in '/root/ros2_ws/src/simple_robot_operator'
[0.099s] Level 1:colcon.colcon_core.package_identification:_identify(.) by extensions ['ignore', 'ignore_ament_install']
[0.099s] Level 1:colcon.colcon_core.package_identification:_identify(.) by extension 'ignore'
[0.099s] Level 1:colcon.colcon_core.package_identification:_identify(.) by extension 'ignore_ament_install'
[0.099s] Level 1:colcon.colcon_core.package_identification:_identify(.) by extensions ['colcon_pkg']
[0.099s] Level 1:colcon.colcon_core.package_identification:_identify(.) by extension 'colcon_pkg'
[0.099s] Level 1:colcon.colcon_core.package_identification:_identify(.) by extensions ['colcon_meta']
[0.099s] Level 1:colcon.colcon_core.package_identification:_identify(.) by extension 'colcon_meta'
[0.099s] Level 1:colcon.colcon_core.package_identification:_identify(.) by extensions ['ros']
[0.099s] Level 1:colcon.colcon_core.package_identification:_identify(.) by extension 'ros'
[0.105s] DEBUG:colcon.colcon_core.package_identification:Package '.' with type 'ros.ament_python' and name 'simple_robot_operator'
[0.105s] Level 1:colcon.colcon_core.package_discovery:discover_packages(recursive) using defaults
[0.105s] Level 1:colcon.colcon_core.package_discovery:discover_packages(ignore) discover
[0.105s] Level 1:colcon.colcon_core.package_discovery:discover_packages(ignore) using defaults
[0.105s] Level 1:colcon.colcon_core.package_discovery:discover_packages(path) discover
[0.105s] Level 1:colcon.colcon_core.package_discovery:discover_packages(path) using defaults
[0.114s] Level 5:colcon.colcon_core.verb:set package 'simple_robot_operator' build argument 'cmake_args' from command line to 'None'
[0.114s] Level 5:colcon.colcon_core.verb:set package 'simple_robot_operator' build argument 'cmake_target' from command line to 'None'
[0.114s] Level 5:colcon.colcon_core.verb:set package 'simple_robot_operator' build argument 'cmake_target_skip_unavailable' from command line to 'False'
[0.114s] Level 5:colcon.colcon_core.verb:set package 'simple_robot_operator' build argument 'cmake_clean_cache' from command line to 'False'
[0.114s] Level 5:colcon.colcon_core.verb:set package 'simple_robot_operator' build argument 'cmake_clean_first' from command line to 'False'
[0.114s] Level 5:colcon.colcon_core.verb:set package 'simple_robot_operator' build argument 'cmake_force_configure' from command line to 'False'
[0.114s] Level 5:colcon.colcon_core.verb:set package 'simple_robot_operator' build argument 'ament_cmake_args' from command line to 'None'
[0.114s] Level 5:colcon.colcon_core.verb:set package 'simple_robot_operator' build argument 'catkin_cmake_args' from command line to 'None'
[0.114s] Level 5:colcon.colcon_core.verb:set package 'simple_robot_operator' build argument 'catkin_skip_building_tests' from command line to 'False'
[0.114s] DEBUG:colcon.colcon_core.verb:Building package 'simple_robot_operator' with the following arguments: {'ament_cmake_args': None, 'build_base': '/root/ros2_ws/src/simple_robot_operator/build/simple_robot_operator', 'catkin_cmake_args': None, 'catkin_skip_building_tests': False, 'cmake_args': None, 'cmake_clean_cache': False, 'cmake_clean_first': False, 'cmake_force_configure': False, 'cmake_target': None, 'cmake_target_skip_unavailable': False, 'install_base': '/root/ros2_ws/src/simple_robot_operator/install/simple_robot_operator', 'merge_install': False, 'path': '/root/ros2_ws/src/simple_robot_operator', 'symlink_install': False, 'test_result_base': None}
[0.114s] INFO:colcon.colcon_core.executor:Executing jobs using 'parallel' executor
[0.115s] DEBUG:colcon.colcon_parallel_executor.executor.parallel:run_until_complete
[0.115s] INFO:colcon.colcon_ros.task.ament_python.build:Building ROS package in '/root/ros2_ws/src/simple_robot_operator' with build type 'ament_python'
[0.115s] Level 1:colcon.colcon_core.shell:create_environment_hook('simple_robot_operator', 'ament_prefix_path')
[0.116s] INFO:colcon.colcon_core.plugin_system:Skipping extension 'colcon_core.shell.bat': Not used on non-Windows systems
[0.116s] INFO:colcon.colcon_core.shell:Creating environment hook '/root/ros2_ws/src/simple_robot_operator/install/simple_robot_operator/share/simple_robot_operator/hook/ament_prefix_path.ps1'
[0.116s] INFO:colcon.colcon_core.shell:Creating environment descriptor '/root/ros2_ws/src/simple_robot_operator/install/simple_robot_operator/share/simple_robot_operator/hook/ament_prefix_path.dsv'
[0.117s] INFO:colcon.colcon_core.shell:Creating environment hook '/root/ros2_ws/src/simple_robot_operator/install/simple_robot_operator/share/simple_robot_operator/hook/ament_prefix_path.sh'
[0.117s] INFO:colcon.colcon_core.shell:Skip shell extension 'powershell' for command environment: Not usable outside of PowerShell
[0.117s] DEBUG:colcon.colcon_core.shell:Skip shell extension 'dsv' for command environment
[0.210s] INFO:colcon.colcon_core.task.python.build:Building Python package in '/root/ros2_ws/src/simple_robot_operator'
[0.210s] INFO:colcon.colcon_core.shell:Skip shell extension 'powershell' for command environment: Not usable outside of PowerShell
[0.210s] DEBUG:colcon.colcon_core.shell:Skip shell extension 'dsv' for command environment
[0.331s] DEBUG:colcon.colcon_core.event_handler.log_command:Invoking command in '/root/ros2_ws/src/simple_robot_operator': PYTHONPATH=/root/ros2_ws/src/simple_robot_operator/build/simple_robot_operator/prefix_override:/usr/lib/python3/dist-packages/colcon_core/task/python/colcon_distutils_commands:/root/ros2_ws/src/simple_robot_operator/install/simple_robot_operator/lib/python3.10/site-packages:${PYTHONPATH} /usr/bin/python3 -W ignore:setup.py install is deprecated setup.py egg_info --egg-base build/simple_robot_operator build --build-base /root/ros2_ws/src/simple_robot_operator/build/simple_robot_operator/build install --record /root/ros2_ws/src/simple_robot_operator/build/simple_robot_operator/install.log --single-version-externally-managed install_data
[0.433s] DEBUG:colcon.colcon_core.event_handler.log_command:Invoked command in '/root/ros2_ws/src/simple_robot_operator' returned '0': PYTHONPATH=/root/ros2_ws/src/simple_robot_operator/build/simple_robot_operator/prefix_override:/usr/lib/python3/dist-packages/colcon_core/task/python/colcon_distutils_commands:/root/ros2_ws/src/simple_robot_operator/install/simple_robot_operator/lib/python3.10/site-packages:${PYTHONPATH} /usr/bin/python3 -W ignore:setup.py install is deprecated setup.py egg_info --egg-base build/simple_robot_operator build --build-base /root/ros2_ws/src/simple_robot_operator/build/simple_robot_operator/build install --record /root/ros2_ws/src/simple_robot_operator/build/simple_robot_operator/install.log --single-version-externally-managed install_data
[0.435s] Level 1:colcon.colcon_core.environment:checking '/root/ros2_ws/src/simple_robot_operator/install/simple_robot_operator' for CMake module files
[0.435s] Level 1:colcon.colcon_core.environment:checking '/root/ros2_ws/src/simple_robot_operator/install/simple_robot_operator' for CMake config files
[0.435s] Level 1:colcon.colcon_core.environment:checking '/root/ros2_ws/src/simple_robot_operator/install/simple_robot_operator/lib'
[0.435s] Level 1:colcon.colcon_core.environment:checking '/root/ros2_ws/src/simple_robot_operator/install/simple_robot_operator/bin'
[0.435s] Level 1:colcon.colcon_core.environment:checking '/root/ros2_ws/src/simple_robot_operator/install/simple_robot_operator/lib/pkgconfig/simple_robot_operator.pc'
[0.435s] Level 1:colcon.colcon_core.environment:checking '/root/ros2_ws/src/simple_robot_operator/install/simple_robot_operator/lib/python3.10/site-packages'
[0.435s] Level 1:colcon.colcon_core.shell:create_environment_hook('simple_robot_operator', 'pythonpath')
[0.436s] INFO:colcon.colcon_core.shell:Creating environment hook '/root/ros2_ws/src/simple_robot_operator/install/simple_robot_operator/share/simple_robot_operator/hook/pythonpath.ps1'
[0.436s] INFO:colcon.colcon_core.shell:Creating environment descriptor '/root/ros2_ws/src/simple_robot_operator/install/simple_robot_operator/share/simple_robot_operator/hook/pythonpath.dsv'
[0.436s] INFO:colcon.colcon_core.shell:Creating environment hook '/root/ros2_ws/src/simple_robot_operator/install/simple_robot_operator/share/simple_robot_operator/hook/pythonpath.sh'
[0.436s] Level 1:colcon.colcon_core.environment:checking '/root/ros2_ws/src/simple_robot_operator/install/simple_robot_operator/bin'
[0.436s] Level 1:colcon.colcon_core.environment:create_environment_scripts_only(simple_robot_operator)
[0.436s] INFO:colcon.colcon_core.shell:Creating package script '/root/ros2_ws/src/simple_robot_operator/install/simple_robot_operator/share/simple_robot_operator/package.ps1'
[0.437s] INFO:colcon.colcon_core.shell:Creating package descriptor '/root/ros2_ws/src/simple_robot_operator/install/simple_robot_operator/share/simple_robot_operator/package.dsv'
[0.437s] INFO:colcon.colcon_core.shell:Creating package script '/root/ros2_ws/src/simple_robot_operator/install/simple_robot_operator/share/simple_robot_operator/package.sh'
[0.437s] INFO:colcon.colcon_core.shell:Creating package script '/root/ros2_ws/src/simple_robot_operator/install/simple_robot_operator/share/simple_robot_operator/package.bash'
[0.437s] INFO:colcon.colcon_core.shell:Creating package script '/root/ros2_ws/src/simple_robot_operator/install/simple_robot_operator/share/simple_robot_operator/package.zsh'
[0.438s] Level 1:colcon.colcon_core.environment:create_file_with_runtime_dependencies(/root/ros2_ws/src/simple_robot_operator/install/simple_robot_operator/share/colcon-core/packages/simple_robot_operator)
[0.438s] DEBUG:colcon.colcon_parallel_executor.executor.parallel:closing loop
[0.438s] DEBUG:colcon.colcon_parallel_executor.executor.parallel:loop closed
[0.438s] DEBUG:colcon.colcon_parallel_executor.executor.parallel:run_until_complete finished with '0'
[0.438s] DEBUG:colcon.colcon_core.event_reactor:joining thread
[0.441s] INFO:colcon.colcon_core.plugin_system:Skipping extension 'colcon_notification.desktop_notification.notify_send': Could not find 'notify-send'
[0.441s] INFO:colcon.colcon_core.plugin_system:Skipping extension 'colcon_notification.desktop_notification.terminal_notifier': Not used on non-Darwin systems
[0.441s] INFO:colcon.colcon_core.plugin_system:Skipping extension 'colcon_notification.desktop_notification.win32': Not used on non-Windows systems
[0.441s] INFO:colcon.colcon_notification.desktop_notification:Sending desktop notification using 'notify2'
[0.441s] DEBUG:colcon.colcon_notification.desktop_notification.notify2:Failed to initialize notify2: org.freedesktop.DBus.Error.InvalidFileContent: D-Bus library appears to be incorrectly set up: see the manual page for dbus-uuidgen to correct this issue. (Failed to open "/var/lib/dbus/machine-id": No such file or directory; UUID file '/etc/machine-id' should contain a hex string of length 32, not length 0, with no other text)
[0.441s] DEBUG:colcon.colcon_core.event_reactor:joined thread
[0.441s] INFO:colcon.colcon_core.shell:Creating prefix script '/root/ros2_ws/src/simple_robot_operator/install/local_setup.ps1'
[0.442s] INFO:colcon.colcon_core.shell:Creating prefix util module '/root/ros2_ws/src/simple_robot_operator/install/_local_setup_util_ps1.py'
[0.442s] INFO:colcon.colcon_core.shell:Creating prefix chain script '/root/ros2_ws/src/simple_robot_operator/install/setup.ps1'
[0.443s] INFO:colcon.colcon_core.shell:Creating prefix script '/root/ros2_ws/src/simple_robot_operator/install/local_setup.sh'
[0.443s] INFO:colcon.colcon_core.shell:Creating prefix util module '/root/ros2_ws/src/simple_robot_operator/install/_local_setup_util_sh.py'
[0.443s] INFO:colcon.colcon_core.shell:Creating prefix chain script '/root/ros2_ws/src/simple_robot_operator/install/setup.sh'
[0.443s] INFO:colcon.colcon_core.shell:Creating prefix script '/root/ros2_ws/src/simple_robot_operator/install/local_setup.bash'
[0.444s] INFO:colcon.colcon_core.shell:Creating prefix chain script '/root/ros2_ws/src/simple_robot_operator/install/setup.bash'
[0.444s] INFO:colcon.colcon_core.shell:Creating prefix script '/root/ros2_ws/src/simple_robot_operator/install/local_setup.zsh'
[0.444s] INFO:colcon.colcon_core.shell:Creating prefix chain script '/root/ros2_ws/src/simple_robot_operator/install/setup.zsh'
