running egg_info
creating build/simple_robot_operator/simple_robot_operator.egg-info
writing build/simple_robot_operator/simple_robot_operator.egg-info/PKG-INFO
writing dependency_links to build/simple_robot_operator/simple_robot_operator.egg-info/dependency_links.txt
writing entry points to build/simple_robot_operator/simple_robot_operator.egg-info/entry_points.txt
writing requirements to build/simple_robot_operator/simple_robot_operator.egg-info/requires.txt
writing top-level names to build/simple_robot_operator/simple_robot_operator.egg-info/top_level.txt
writing manifest file 'build/simple_robot_operator/simple_robot_operator.egg-info/SOURCES.txt'
reading manifest file 'build/simple_robot_operator/simple_robot_operator.egg-info/SOURCES.txt'
writing manifest file 'build/simple_robot_operator/simple_robot_operator.egg-info/SOURCES.txt'
running build
running build_py
creating /root/ros2_ws/src/simple_robot_operator/build/simple_robot_operator/build
creating /root/ros2_ws/src/simple_robot_operator/build/simple_robot_operator/build/lib
creating /root/ros2_ws/src/simple_robot_operator/build/simple_robot_operator/build/lib/simple_robot_operator
copying simple_robot_operator/example.py -> /root/ros2_ws/src/simple_robot_operator/build/simple_robot_operator/build/lib/simple_robot_operator
copying simple_robot_operator/operator.py -> /root/ros2_ws/src/simple_robot_operator/build/simple_robot_operator/build/lib/simple_robot_operator
copying simple_robot_operator/__init__.py -> /root/ros2_ws/src/simple_robot_operator/build/simple_robot_operator/build/lib/simple_robot_operator
running install
running install_lib
creating /root/ros2_ws/src/simple_robot_operator/install/simple_robot_operator/lib/python3.10/site-packages/simple_robot_operator
copying /root/ros2_ws/src/simple_robot_operator/build/simple_robot_operator/build/lib/simple_robot_operator/example.py -> /root/ros2_ws/src/simple_robot_operator/install/simple_robot_operator/lib/python3.10/site-packages/simple_robot_operator
copying /root/ros2_ws/src/simple_robot_operator/build/simple_robot_operator/build/lib/simple_robot_operator/operator.py -> /root/ros2_ws/src/simple_robot_operator/install/simple_robot_operator/lib/python3.10/site-packages/simple_robot_operator
copying /root/ros2_ws/src/simple_robot_operator/build/simple_robot_operator/build/lib/simple_robot_operator/__init__.py -> /root/ros2_ws/src/simple_robot_operator/install/simple_robot_operator/lib/python3.10/site-packages/simple_robot_operator
byte-compiling /root/ros2_ws/src/simple_robot_operator/install/simple_robot_operator/lib/python3.10/site-packages/simple_robot_operator/example.py to example.cpython-310.pyc
byte-compiling /root/ros2_ws/src/simple_robot_operator/install/simple_robot_operator/lib/python3.10/site-packages/simple_robot_operator/operator.py to operator.cpython-310.pyc
byte-compiling /root/ros2_ws/src/simple_robot_operator/install/simple_robot_operator/lib/python3.10/site-packages/simple_robot_operator/__init__.py to __init__.cpython-310.pyc
running install_data
creating /root/ros2_ws/src/simple_robot_operator/install/simple_robot_operator/share/ament_index
creating /root/ros2_ws/src/simple_robot_operator/install/simple_robot_operator/share/ament_index/resource_index
creating /root/ros2_ws/src/simple_robot_operator/install/simple_robot_operator/share/ament_index/resource_index/packages
copying resource/simple_robot_operator -> /root/ros2_ws/src/simple_robot_operator/install/simple_robot_operator/share/ament_index/resource_index/packages
copying package.xml -> /root/ros2_ws/src/simple_robot_operator/install/simple_robot_operator/share/simple_robot_operator
running install_egg_info
Copying build/simple_robot_operator/simple_robot_operator.egg-info to /root/ros2_ws/src/simple_robot_operator/install/simple_robot_operator/lib/python3.10/site-packages/simple_robot_operator-0.0.0-py3.10.egg-info
running install_scripts
Installing example script to /root/ros2_ws/src/simple_robot_operator/install/simple_robot_operator/lib/simple_robot_opetator
writing list of installed files to '/root/ros2_ws/src/simple_robot_operator/build/simple_robot_operator/install.log'
